2024-01-27 12:04:27,553 p=1741 u=root n=ansible | [WARNING]: Invalid characters were found in group names but not replaced, use -vvvv to see details

2024-01-27 12:04:27,554 p=1741 u=root n=ansible | [WARNING]: Found both group and host with same name: localhost

2024-01-27 12:04:27,840 p=1741 u=root n=ansible | PLAY [Run roles to build app] *****************************************************************************************************************************************************************************
2024-01-27 12:04:27,859 p=1741 u=root n=ansible | TASK [Gathering Facts] ************************************************************************************************************************************************************************************
2024-01-27 12:04:29,942 p=1741 u=root n=ansible | ok: [myapp]
2024-01-27 12:04:29,971 p=1741 u=root n=ansible | TASK [simple-docker-app : Clone the repository] ***********************************************************************************************************************************************************
2024-01-27 12:04:31,180 p=1741 u=root n=ansible | changed: [myapp]
2024-01-27 12:04:31,192 p=1741 u=root n=ansible | TASK [simple-docker-app : Edit Dockerfile - Append 'l' to end of line 4] **********************************************************************************************************************************
2024-01-27 12:04:31,825 p=1741 u=root n=ansible | changed: [myapp]
2024-01-27 12:04:31,837 p=1741 u=root n=ansible | TASK [simple-docker-app : Copy docker-compose file] *******************************************************************************************************************************************************
2024-01-27 12:04:33,116 p=1741 u=root n=ansible | ok: [myapp]
2024-01-27 12:04:33,129 p=1741 u=root n=ansible | TASK [simple-docker-app : Create nginx directory] *********************************************************************************************************************************************************
2024-01-27 12:04:33,598 p=1741 u=root n=ansible | ok: [myapp]
2024-01-27 12:04:33,614 p=1741 u=root n=ansible | TASK [simple-docker-app : Configure nginx.conf] ***********************************************************************************************************************************************************
2024-01-27 12:04:34,450 p=1741 u=root n=ansible | ok: [myapp]
2024-01-27 12:04:34,462 p=1741 u=root n=ansible | TASK [simple-docker-app : Copy certbot.sh file] ***********************************************************************************************************************************************************
2024-01-27 12:04:35,322 p=1741 u=root n=ansible | ok: [myapp]
2024-01-27 12:04:35,333 p=1741 u=root n=ansible | TASK [simple-docker-app : Run certbot.sh script] **********************************************************************************************************************************************************
2024-01-27 12:04:40,913 p=1741 u=root n=ansible | changed: [myapp]
2024-01-27 12:04:40,969 p=1741 u=root n=ansible | PLAY RECAP ************************************************************************************************************************************************************************************************
2024-01-27 12:04:40,969 p=1741 u=root n=ansible | myapp                      : ok=8    changed=3    unreachable=0    failed=0    skipped=0    rescued=0    ignored=0   
